
> chat-ui@1.0.0 start
> webpack serve --config webpack.config.js --mode development

<i> [webpack-dev-server] [HPM] Proxy created: /api  -> http://localhost:3001
<i> [webpack-dev-server] Project is running at:
<i> [webpack-dev-server] Loopback: http://localhost:3000/
<i> [webpack-dev-server] On Your Network (IPv4): http://10.14.0.63:3000/
<i> [webpack-dev-server] On Your Network (IPv6): http://[fe80::1]:3000/
<i> [webpack-dev-server] Content not from webpack is served from '/Users/bzhang1/Desktop/Ai-chat-Demo/ChatUI/dist' directory
<i> [webpack-dev-server] 404s will fallback to '/index.html'
asset main.5b77a700ffa07240dd69.js 4.87 MiB [emitted] [immutable] (name: main)
asset images/64fc7e31d962fde97b9874e8d6cf5a20.svg 1.09 KiB [emitted] [immutable] [from: src/assets/speak.svg] (auxiliary name: main)
asset index.html 770 bytes [emitted]
orphan modules 530 KiB [orphan] 218 modules
runtime modules 28.2 KiB 15 modules
modules by path ./node_modules/ 3.06 MiB 737 modules
modules by path ./src/ 180 KiB
  modules by path ./src/pages/ 133 KiB 21 modules
  modules by path ./src/*.css 6.68 KiB
    ./src/index.css 2.24 KiB [built] [code generated]
    + 3 modules
  modules by path ./src/api/*.js 23.5 KiB
    ./src/api/userApi.js 6.04 KiB [built] [code generated]
    + 2 modules
  modules by path ./src/*.js 3.7 KiB
    ./src/index.js 295 bytes [built] [code generated]
    ./src/App.js 3.41 KiB [built] [code generated]
  + 6 modules

ERROR in ./src/pages/MerchantDashboard/Inventory.js
Module build failed (from ./node_modules/babel-loader/lib/index.js):
SyntaxError: /Users/bzhang1/Desktop/Ai-chat-Demo/ChatUI/src/pages/MerchantDashboard/Inventory.js: Expected corresponding JSX closing tag for <div>. (166:6)

  164 |           } : {}}
  165 |         />
> 166 |       </Popup>
      |       ^
  167 |     </div>
  168 |   );
  169 | }
    at constructor (/Users/bzhang1/Desktop/Ai-chat-Demo/ChatUI/node_modules/@babel/parser/lib/index.js:365:19)
    at JSXParserMixin.raise (/Users/bzhang1/Desktop/Ai-chat-Demo/ChatUI/node_modules/@babel/parser/lib/index.js:6599:19)
    at JSXParserMixin.jsxParseElementAt (/Users/bzhang1/Desktop/Ai-chat-Demo/ChatUI/node_modules/@babel/parser/lib/index.js:4727:16)
    at JSXParserMixin.jsxParseElementAt (/Users/bzhang1/Desktop/Ai-chat-Demo/ChatUI/node_modules/@babel/parser/lib/index.js:4698:32)
    at JSXParserMixin.jsxParseElementAt (/Users/bzhang1/Desktop/Ai-chat-Demo/ChatUI/node_modules/@babel/parser/lib/index.js:4698:32)
    at JSXParserMixin.jsxParseElement (/Users/bzhang1/Desktop/Ai-chat-Demo/ChatUI/node_modules/@babel/parser/lib/index.js:4749:17)
    at JSXParserMixin.parseExprAtom (/Users/bzhang1/Desktop/Ai-chat-Demo/ChatUI/node_modules/@babel/parser/lib/index.js:4759:19)
    at JSXParserMixin.parseExprSubscripts (/Users/bzhang1/Desktop/Ai-chat-Demo/ChatUI/node_modules/@babel/parser/lib/index.js:11071:23)
    at JSXParserMixin.parseUpdate (/Users/bzhang1/Desktop/Ai-chat-Demo/ChatUI/node_modules/@babel/parser/lib/index.js:11056:21)
    at JSXParserMixin.parseMaybeUnary (/Users/bzhang1/Desktop/Ai-chat-Demo/ChatUI/node_modules/@babel/parser/lib/index.js:11036:23)
    at JSXParserMixin.parseMaybeUnaryOrPrivate (/Users/bzhang1/Desktop/Ai-chat-Demo/ChatUI/node_modules/@babel/parser/lib/index.js:10889:61)
    at JSXParserMixin.parseExprOps (/Users/bzhang1/Desktop/Ai-chat-Demo/ChatUI/node_modules/@babel/parser/lib/index.js:10894:23)
    at JSXParserMixin.parseMaybeConditional (/Users/bzhang1/Desktop/Ai-chat-Demo/ChatUI/node_modules/@babel/parser/lib/index.js:10871:23)
    at JSXParserMixin.parseMaybeAssign (/Users/bzhang1/Desktop/Ai-chat-Demo/ChatUI/node_modules/@babel/parser/lib/index.js:10821:21)
    at /Users/bzhang1/Desktop/Ai-chat-Demo/ChatUI/node_modules/@babel/parser/lib/index.js:10790:39
    at JSXParserMixin.allowInAnd (/Users/bzhang1/Desktop/Ai-chat-Demo/ChatUI/node_modules/@babel/parser/lib/index.js:12416:12)
    at JSXParserMixin.parseMaybeAssignAllowIn (/Users/bzhang1/Desktop/Ai-chat-Demo/ChatUI/node_modules/@babel/parser/lib/index.js:10790:17)
    at JSXParserMixin.parseMaybeAssignAllowInOrVoidPattern (/Users/bzhang1/Desktop/Ai-chat-Demo/ChatUI/node_modules/@babel/parser/lib/index.js:12483:17)
    at JSXParserMixin.parseParenAndDistinguishExpression (/Users/bzhang1/Desktop/Ai-chat-Demo/ChatUI/node_modules/@babel/parser/lib/index.js:11665:28)
    at JSXParserMixin.parseExprAtom (/Users/bzhang1/Desktop/Ai-chat-Demo/ChatUI/node_modules/@babel/parser/lib/index.js:11321:23)
    at JSXParserMixin.parseExprAtom (/Users/bzhang1/Desktop/Ai-chat-Demo/ChatUI/node_modules/@babel/parser/lib/index.js:4764:20)
    at JSXParserMixin.parseExprSubscripts (/Users/bzhang1/Desktop/Ai-chat-Demo/ChatUI/node_modules/@babel/parser/lib/index.js:11071:23)
    at JSXParserMixin.parseUpdate (/Users/bzhang1/Desktop/Ai-chat-Demo/ChatUI/node_modules/@babel/parser/lib/index.js:11056:21)
    at JSXParserMixin.parseMaybeUnary (/Users/bzhang1/Desktop/Ai-chat-Demo/ChatUI/node_modules/@babel/parser/lib/index.js:11036:23)
    at JSXParserMixin.parseMaybeUnaryOrPrivate (/Users/bzhang1/Desktop/Ai-chat-Demo/ChatUI/node_modules/@babel/parser/lib/index.js:10889:61)
    at JSXParserMixin.parseExprOps (/Users/bzhang1/Desktop/Ai-chat-Demo/ChatUI/node_modules/@babel/parser/lib/index.js:10894:23)
    at JSXParserMixin.parseMaybeConditional (/Users/bzhang1/Desktop/Ai-chat-Demo/ChatUI/node_modules/@babel/parser/lib/index.js:10871:23)
    at JSXParserMixin.parseMaybeAssign (/Users/bzhang1/Desktop/Ai-chat-Demo/ChatUI/node_modules/@babel/parser/lib/index.js:10821:21)
    at JSXParserMixin.parseExpressionBase (/Users/bzhang1/Desktop/Ai-chat-Demo/ChatUI/node_modules/@babel/parser/lib/index.js:10774:23)
    at /Users/bzhang1/Desktop/Ai-chat-Demo/ChatUI/node_modules/@babel/parser/lib/index.js:10770:39
    at JSXParserMixin.allowInAnd (/Users/bzhang1/Desktop/Ai-chat-Demo/ChatUI/node_modules/@babel/parser/lib/index.js:12411:16)
    at JSXParserMixin.parseExpression (/Users/bzhang1/Desktop/Ai-chat-Demo/ChatUI/node_modules/@babel/parser/lib/index.js:10770:17)
    at JSXParserMixin.parseReturnStatement (/Users/bzhang1/Desktop/Ai-chat-Demo/ChatUI/node_modules/@babel/parser/lib/index.js:13132:28)
    at JSXParserMixin.parseStatementContent (/Users/bzhang1/Desktop/Ai-chat-Demo/ChatUI/node_modules/@babel/parser/lib/index.js:12788:21)
    at JSXParserMixin.parseStatementLike (/Users/bzhang1/Desktop/Ai-chat-Demo/ChatUI/node_modules/@babel/parser/lib/index.js:12757:17)
    at JSXParserMixin.parseStatementListItem (/Users/bzhang1/Desktop/Ai-chat-Demo/ChatUI/node_modules/@babel/parser/lib/index.js:12737:17)
    at JSXParserMixin.parseBlockOrModuleBlockBody (/Users/bzhang1/Desktop/Ai-chat-Demo/ChatUI/node_modules/@babel/parser/lib/index.js:13306:61)
    at JSXParserMixin.parseBlockBody (/Users/bzhang1/Desktop/Ai-chat-Demo/ChatUI/node_modules/@babel/parser/lib/index.js:13299:10)
    at JSXParserMixin.parseBlock (/Users/bzhang1/Desktop/Ai-chat-Demo/ChatUI/node_modules/@babel/parser/lib/index.js:13287:10)
    at JSXParserMixin.parseFunctionBody (/Users/bzhang1/Desktop/Ai-chat-Demo/ChatUI/node_modules/@babel/parser/lib/index.js:12090:24)
    at JSXParserMixin.parseFunctionBodyAndFinish (/Users/bzhang1/Desktop/Ai-chat-Demo/ChatUI/node_modules/@babel/parser/lib/index.js:12076:10)
    at /Users/bzhang1/Desktop/Ai-chat-Demo/ChatUI/node_modules/@babel/parser/lib/index.js:13435:12
    at JSXParserMixin.withSmartMixTopicForbiddingContext (/Users/bzhang1/Desktop/Ai-chat-Demo/ChatUI/node_modules/@babel/parser/lib/index.js:12393:14)
    at JSXParserMixin.parseFunction (/Users/bzhang1/Desktop/Ai-chat-Demo/ChatUI/node_modules/@babel/parser/lib/index.js:13434:10)
    at JSXParserMixin.parseFunctionStatement (/Users/bzhang1/Desktop/Ai-chat-Demo/ChatUI/node_modules/@babel/parser/lib/index.js:13115:17)
    at JSXParserMixin.parseStatementContent (/Users/bzhang1/Desktop/Ai-chat-Demo/ChatUI/node_modules/@babel/parser/lib/index.js:12781:21)
    at JSXParserMixin.parseStatementLike (/Users/bzhang1/Desktop/Ai-chat-Demo/ChatUI/node_modules/@babel/parser/lib/index.js:12757:17)
    at JSXParserMixin.parseModuleItem (/Users/bzhang1/Desktop/Ai-chat-Demo/ChatUI/node_modules/@babel/parser/lib/index.js:12734:17)
    at JSXParserMixin.parseBlockOrModuleBlockBody (/Users/bzhang1/Desktop/Ai-chat-Demo/ChatUI/node_modules/@babel/parser/lib/index.js:13306:36)
    at JSXParserMixin.parseBlockBody (/Users/bzhang1/Desktop/Ai-chat-Demo/ChatUI/node_modules/@babel/parser/lib/index.js:13299:10)
 @ ./src/App.js 12:0-60 51:46-55
 @ ./src/index.js 3:0-24 6:102-105

webpack 5.104.1 compiled with 1 error in 1509 ms
assets by status 1.09 KiB [cached] 1 asset
assets by info 4.87 MiB [immutable]
  asset main.4391d120e3cffa80f99a.js 4.87 MiB [emitted] [immutable] (name: main)
  asset main.428a59d30e29ba511dc8.hot-update.js 850 bytes [emitted] [immutable] [hmr] (name: main)
  asset main.428a59d30e29ba511dc8.hot-update.json 28 bytes [emitted] [immutable] [hmr]
asset index.html 770 bytes [emitted]
Entrypoint main 4.87 MiB (1.09 KiB) = main.4391d120e3cffa80f99a.js 4.87 MiB main.428a59d30e29ba511dc8.hot-update.js 850 bytes 1 auxiliary asset
cached modules 3.75 MiB [cached] 990 modules
runtime modules 28.2 KiB 15 modules
./src/pages/MerchantDashboard/Inventory.js 39 bytes [built] [1 error]

ERROR in ./src/pages/MerchantDashboard/Inventory.js
Module build failed (from ./node_modules/babel-loader/lib/index.js):
SyntaxError: /Users/bzhang1/Desktop/Ai-chat-Demo/ChatUI/src/pages/MerchantDashboard/Inventory.js: Expected corresponding JSX closing tag for <div>. (167:6)

  165 |           } : {}}
  166 |         />
> 167 |       </Popup>
      |       ^
  168 |     </div>
  169 |   );
  170 | }
    at constructor (/Users/bzhang1/Desktop/Ai-chat-Demo/ChatUI/node_modules/@babel/parser/lib/index.js:365:19)
    at JSXParserMixin.raise (/Users/bzhang1/Desktop/Ai-chat-Demo/ChatUI/node_modules/@babel/parser/lib/index.js:6599:19)
    at JSXParserMixin.jsxParseElementAt (/Users/bzhang1/Desktop/Ai-chat-Demo/ChatUI/node_modules/@babel/parser/lib/index.js:4727:16)
    at JSXParserMixin.jsxParseElementAt (/Users/bzhang1/Desktop/Ai-chat-Demo/ChatUI/node_modules/@babel/parser/lib/index.js:4698:32)
    at JSXParserMixin.jsxParseElementAt (/Users/bzhang1/Desktop/Ai-chat-Demo/ChatUI/node_modules/@babel/parser/lib/index.js:4698:32)
    at JSXParserMixin.jsxParseElement (/Users/bzhang1/Desktop/Ai-chat-Demo/ChatUI/node_modules/@babel/parser/lib/index.js:4749:17)
    at JSXParserMixin.parseExprAtom (/Users/bzhang1/Desktop/Ai-chat-Demo/ChatUI/node_modules/@babel/parser/lib/index.js:4759:19)
    at JSXParserMixin.parseExprSubscripts (/Users/bzhang1/Desktop/Ai-chat-Demo/ChatUI/node_modules/@babel/parser/lib/index.js:11071:23)
    at JSXParserMixin.parseUpdate (/Users/bzhang1/Desktop/Ai-chat-Demo/ChatUI/node_modules/@babel/parser/lib/index.js:11056:21)
    at JSXParserMixin.parseMaybeUnary (/Users/bzhang1/Desktop/Ai-chat-Demo/ChatUI/node_modules/@babel/parser/lib/index.js:11036:23)
    at JSXParserMixin.parseMaybeUnaryOrPrivate (/Users/bzhang1/Desktop/Ai-chat-Demo/ChatUI/node_modules/@babel/parser/lib/index.js:10889:61)
    at JSXParserMixin.parseExprOps (/Users/bzhang1/Desktop/Ai-chat-Demo/ChatUI/node_modules/@babel/parser/lib/index.js:10894:23)
    at JSXParserMixin.parseMaybeConditional (/Users/bzhang1/Desktop/Ai-chat-Demo/ChatUI/node_modules/@babel/parser/lib/index.js:10871:23)
    at JSXParserMixin.parseMaybeAssign (/Users/bzhang1/Desktop/Ai-chat-Demo/ChatUI/node_modules/@babel/parser/lib/index.js:10821:21)
    at /Users/bzhang1/Desktop/Ai-chat-Demo/ChatUI/node_modules/@babel/parser/lib/index.js:10790:39
    at JSXParserMixin.allowInAnd (/Users/bzhang1/Desktop/Ai-chat-Demo/ChatUI/node_modules/@babel/parser/lib/index.js:12416:12)
    at JSXParserMixin.parseMaybeAssignAllowIn (/Users/bzhang1/Desktop/Ai-chat-Demo/ChatUI/node_modules/@babel/parser/lib/index.js:10790:17)
    at JSXParserMixin.parseMaybeAssignAllowInOrVoidPattern (/Users/bzhang1/Desktop/Ai-chat-Demo/ChatUI/node_modules/@babel/parser/lib/index.js:12483:17)
    at JSXParserMixin.parseParenAndDistinguishExpression (/Users/bzhang1/Desktop/Ai-chat-Demo/ChatUI/node_modules/@babel/parser/lib/index.js:11665:28)
    at JSXParserMixin.parseExprAtom (/Users/bzhang1/Desktop/Ai-chat-Demo/ChatUI/node_modules/@babel/parser/lib/index.js:11321:23)
    at JSXParserMixin.parseExprAtom (/Users/bzhang1/Desktop/Ai-chat-Demo/ChatUI/node_modules/@babel/parser/lib/index.js:4764:20)
    at JSXParserMixin.parseExprSubscripts (/Users/bzhang1/Desktop/Ai-chat-Demo/ChatUI/node_modules/@babel/parser/lib/index.js:11071:23)
    at JSXParserMixin.parseUpdate (/Users/bzhang1/Desktop/Ai-chat-Demo/ChatUI/node_modules/@babel/parser/lib/index.js:11056:21)
    at JSXParserMixin.parseMaybeUnary (/Users/bzhang1/Desktop/Ai-chat-Demo/ChatUI/node_modules/@babel/parser/lib/index.js:11036:23)
    at JSXParserMixin.parseMaybeUnaryOrPrivate (/Users/bzhang1/Desktop/Ai-chat-Demo/ChatUI/node_modules/@babel/parser/lib/index.js:10889:61)
    at JSXParserMixin.parseExprOps (/Users/bzhang1/Desktop/Ai-chat-Demo/ChatUI/node_modules/@babel/parser/lib/index.js:10894:23)
    at JSXParserMixin.parseMaybeConditional (/Users/bzhang1/Desktop/Ai-chat-Demo/ChatUI/node_modules/@babel/parser/lib/index.js:10871:23)
    at JSXParserMixin.parseMaybeAssign (/Users/bzhang1/Desktop/Ai-chat-Demo/ChatUI/node_modules/@babel/parser/lib/index.js:10821:21)
    at JSXParserMixin.parseExpressionBase (/Users/bzhang1/Desktop/Ai-chat-Demo/ChatUI/node_modules/@babel/parser/lib/index.js:10774:23)
    at /Users/bzhang1/Desktop/Ai-chat-Demo/ChatUI/node_modules/@babel/parser/lib/index.js:10770:39
    at JSXParserMixin.allowInAnd (/Users/bzhang1/Desktop/Ai-chat-Demo/ChatUI/node_modules/@babel/parser/lib/index.js:12411:16)
    at JSXParserMixin.parseExpression (/Users/bzhang1/Desktop/Ai-chat-Demo/ChatUI/node_modules/@babel/parser/lib/index.js:10770:17)
    at JSXParserMixin.parseReturnStatement (/Users/bzhang1/Desktop/Ai-chat-Demo/ChatUI/node_modules/@babel/parser/lib/index.js:13132:28)
    at JSXParserMixin.parseStatementContent (/Users/bzhang1/Desktop/Ai-chat-Demo/ChatUI/node_modules/@babel/parser/lib/index.js:12788:21)
    at JSXParserMixin.parseStatementLike (/Users/bzhang1/Desktop/Ai-chat-Demo/ChatUI/node_modules/@babel/parser/lib/index.js:12757:17)
    at JSXParserMixin.parseStatementListItem (/Users/bzhang1/Desktop/Ai-chat-Demo/ChatUI/node_modules/@babel/parser/lib/index.js:12737:17)
    at JSXParserMixin.parseBlockOrModuleBlockBody (/Users/bzhang1/Desktop/Ai-chat-Demo/ChatUI/node_modules/@babel/parser/lib/index.js:13306:61)
    at JSXParserMixin.parseBlockBody (/Users/bzhang1/Desktop/Ai-chat-Demo/ChatUI/node_modules/@babel/parser/lib/index.js:13299:10)
    at JSXParserMixin.parseBlock (/Users/bzhang1/Desktop/Ai-chat-Demo/ChatUI/node_modules/@babel/parser/lib/index.js:13287:10)
    at JSXParserMixin.parseFunctionBody (/Users/bzhang1/Desktop/Ai-chat-Demo/ChatUI/node_modules/@babel/parser/lib/index.js:12090:24)
    at JSXParserMixin.parseFunctionBodyAndFinish (/Users/bzhang1/Desktop/Ai-chat-Demo/ChatUI/node_modules/@babel/parser/lib/index.js:12076:10)
    at /Users/bzhang1/Desktop/Ai-chat-Demo/ChatUI/node_modules/@babel/parser/lib/index.js:13435:12
    at JSXParserMixin.withSmartMixTopicForbiddingContext (/Users/bzhang1/Desktop/Ai-chat-Demo/ChatUI/node_modules/@babel/parser/lib/index.js:12393:14)
    at JSXParserMixin.parseFunction (/Users/bzhang1/Desktop/Ai-chat-Demo/ChatUI/node_modules/@babel/parser/lib/index.js:13434:10)
    at JSXParserMixin.parseFunctionStatement (/Users/bzhang1/Desktop/Ai-chat-Demo/ChatUI/node_modules/@babel/parser/lib/index.js:13115:17)
    at JSXParserMixin.parseStatementContent (/Users/bzhang1/Desktop/Ai-chat-Demo/ChatUI/node_modules/@babel/parser/lib/index.js:12781:21)
    at JSXParserMixin.parseStatementLike (/Users/bzhang1/Desktop/Ai-chat-Demo/ChatUI/node_modules/@babel/parser/lib/index.js:12757:17)
    at JSXParserMixin.parseModuleItem (/Users/bzhang1/Desktop/Ai-chat-Demo/ChatUI/node_modules/@babel/parser/lib/index.js:12734:17)
    at JSXParserMixin.parseBlockOrModuleBlockBody (/Users/bzhang1/Desktop/Ai-chat-Demo/ChatUI/node_modules/@babel/parser/lib/index.js:13306:36)
    at JSXParserMixin.parseBlockBody (/Users/bzhang1/Desktop/Ai-chat-Demo/ChatUI/node_modules/@babel/parser/lib/index.js:13299:10)
 @ ./src/App.js 12:0-60 51:46-55
 @ ./src/index.js 3:0-24 6:102-105

webpack 5.104.1 compiled with 1 error in 85 ms
assets by status 1.09 KiB [cached] 1 asset
assets by info 4.87 MiB [immutable]
  asset main.49b1f172acf61752439b.js 4.87 MiB [emitted] [immutable] (name: main)
  asset main.3b14671993b15c6a8bed.hot-update.js 850 bytes [emitted] [immutable] [hmr] (name: main)
  asset main.3b14671993b15c6a8bed.hot-update.json 28 bytes [emitted] [immutable] [hmr]
asset index.html 770 bytes [emitted]
Entrypoint main 4.87 MiB (1.09 KiB) = main.49b1f172acf61752439b.js 4.87 MiB main.3b14671993b15c6a8bed.hot-update.js 850 bytes 1 auxiliary asset
cached modules 3.75 MiB [cached] 990 modules
runtime modules 28.2 KiB 15 modules
./src/pages/MerchantDashboard/Inventory.js 39 bytes [built] [1 error]

ERROR in ./src/pages/MerchantDashboard/Inventory.js
Module build failed (from ./node_modules/babel-loader/lib/index.js):
SyntaxError: /Users/bzhang1/Desktop/Ai-chat-Demo/ChatUI/src/pages/MerchantDashboard/Inventory.js: Expected corresponding JSX closing tag for <div>. (166:6)

  164 |           } : {}}
  165 |         />
> 166 |       </Popup>
      |       ^
  167 |     </div>
  168 |   );
  169 | }
    at constructor (/Users/bzhang1/Desktop/Ai-chat-Demo/ChatUI/node_modules/@babel/parser/lib/index.js:365:19)
    at JSXParserMixin.raise (/Users/bzhang1/Desktop/Ai-chat-Demo/ChatUI/node_modules/@babel/parser/lib/index.js:6599:19)
    at JSXParserMixin.jsxParseElementAt (/Users/bzhang1/Desktop/Ai-chat-Demo/ChatUI/node_modules/@babel/parser/lib/index.js:4727:16)
    at JSXParserMixin.jsxParseElementAt (/Users/bzhang1/Desktop/Ai-chat-Demo/ChatUI/node_modules/@babel/parser/lib/index.js:4698:32)
    at JSXParserMixin.jsxParseElement (/Users/bzhang1/Desktop/Ai-chat-Demo/ChatUI/node_modules/@babel/parser/lib/index.js:4749:17)
    at JSXParserMixin.parseExprAtom (/Users/bzhang1/Desktop/Ai-chat-Demo/ChatUI/node_modules/@babel/parser/lib/index.js:4759:19)
    at JSXParserMixin.parseExprSubscripts (/Users/bzhang1/Desktop/Ai-chat-Demo/ChatUI/node_modules/@babel/parser/lib/index.js:11071:23)
    at JSXParserMixin.parseUpdate (/Users/bzhang1/Desktop/Ai-chat-Demo/ChatUI/node_modules/@babel/parser/lib/index.js:11056:21)
    at JSXParserMixin.parseMaybeUnary (/Users/bzhang1/Desktop/Ai-chat-Demo/ChatUI/node_modules/@babel/parser/lib/index.js:11036:23)
    at JSXParserMixin.parseMaybeUnaryOrPrivate (/Users/bzhang1/Desktop/Ai-chat-Demo/ChatUI/node_modules/@babel/parser/lib/index.js:10889:61)
    at JSXParserMixin.parseExprOps (/Users/bzhang1/Desktop/Ai-chat-Demo/ChatUI/node_modules/@babel/parser/lib/index.js:10894:23)
    at JSXParserMixin.parseMaybeConditional (/Users/bzhang1/Desktop/Ai-chat-Demo/ChatUI/node_modules/@babel/parser/lib/index.js:10871:23)
    at JSXParserMixin.parseMaybeAssign (/Users/bzhang1/Desktop/Ai-chat-Demo/ChatUI/node_modules/@babel/parser/lib/index.js:10821:21)
    at /Users/bzhang1/Desktop/Ai-chat-Demo/ChatUI/node_modules/@babel/parser/lib/index.js:10790:39
    at JSXParserMixin.allowInAnd (/Users/bzhang1/Desktop/Ai-chat-Demo/ChatUI/node_modules/@babel/parser/lib/index.js:12416:12)
    at JSXParserMixin.parseMaybeAssignAllowIn (/Users/bzhang1/Desktop/Ai-chat-Demo/ChatUI/node_modules/@babel/parser/lib/index.js:10790:17)
    at JSXParserMixin.parseMaybeAssignAllowInOrVoidPattern (/Users/bzhang1/Desktop/Ai-chat-Demo/ChatUI/node_modules/@babel/parser/lib/index.js:12483:17)
    at JSXParserMixin.parseParenAndDistinguishExpression (/Users/bzhang1/Desktop/Ai-chat-Demo/ChatUI/node_modules/@babel/parser/lib/index.js:11665:28)
    at JSXParserMixin.parseExprAtom (/Users/bzhang1/Desktop/Ai-chat-Demo/ChatUI/node_modules/@babel/parser/lib/index.js:11321:23)
    at JSXParserMixin.parseExprAtom (/Users/bzhang1/Desktop/Ai-chat-Demo/ChatUI/node_modules/@babel/parser/lib/index.js:4764:20)
    at JSXParserMixin.parseExprSubscripts (/Users/bzhang1/Desktop/Ai-chat-Demo/ChatUI/node_modules/@babel/parser/lib/index.js:11071:23)
    at JSXParserMixin.parseUpdate (/Users/bzhang1/Desktop/Ai-chat-Demo/ChatUI/node_modules/@babel/parser/lib/index.js:11056:21)
    at JSXParserMixin.parseMaybeUnary (/Users/bzhang1/Desktop/Ai-chat-Demo/ChatUI/node_modules/@babel/parser/lib/index.js:11036:23)
    at JSXParserMixin.parseMaybeUnaryOrPrivate (/Users/bzhang1/Desktop/Ai-chat-Demo/ChatUI/node_modules/@babel/parser/lib/index.js:10889:61)
    at JSXParserMixin.parseExprOps (/Users/bzhang1/Desktop/Ai-chat-Demo/ChatUI/node_modules/@babel/parser/lib/index.js:10894:23)
    at JSXParserMixin.parseMaybeConditional (/Users/bzhang1/Desktop/Ai-chat-Demo/ChatUI/node_modules/@babel/parser/lib/index.js:10871:23)
    at JSXParserMixin.parseMaybeAssign (/Users/bzhang1/Desktop/Ai-chat-Demo/ChatUI/node_modules/@babel/parser/lib/index.js:10821:21)
    at JSXParserMixin.parseExpressionBase (/Users/bzhang1/Desktop/Ai-chat-Demo/ChatUI/node_modules/@babel/parser/lib/index.js:10774:23)
    at /Users/bzhang1/Desktop/Ai-chat-Demo/ChatUI/node_modules/@babel/parser/lib/index.js:10770:39
    at JSXParserMixin.allowInAnd (/Users/bzhang1/Desktop/Ai-chat-Demo/ChatUI/node_modules/@babel/parser/lib/index.js:12411:16)
    at JSXParserMixin.parseExpression (/Users/bzhang1/Desktop/Ai-chat-Demo/ChatUI/node_modules/@babel/parser/lib/index.js:10770:17)
    at JSXParserMixin.parseReturnStatement (/Users/bzhang1/Desktop/Ai-chat-Demo/ChatUI/node_modules/@babel/parser/lib/index.js:13132:28)
    at JSXParserMixin.parseStatementContent (/Users/bzhang1/Desktop/Ai-chat-Demo/ChatUI/node_modules/@babel/parser/lib/index.js:12788:21)
    at JSXParserMixin.parseStatementLike (/Users/bzhang1/Desktop/Ai-chat-Demo/ChatUI/node_modules/@babel/parser/lib/index.js:12757:17)
    at JSXParserMixin.parseStatementListItem (/Users/bzhang1/Desktop/Ai-chat-Demo/ChatUI/node_modules/@babel/parser/lib/index.js:12737:17)
    at JSXParserMixin.parseBlockOrModuleBlockBody (/Users/bzhang1/Desktop/Ai-chat-Demo/ChatUI/node_modules/@babel/parser/lib/index.js:13306:61)
    at JSXParserMixin.parseBlockBody (/Users/bzhang1/Desktop/Ai-chat-Demo/ChatUI/node_modules/@babel/parser/lib/index.js:13299:10)
    at JSXParserMixin.parseBlock (/Users/bzhang1/Desktop/Ai-chat-Demo/ChatUI/node_modules/@babel/parser/lib/index.js:13287:10)
    at JSXParserMixin.parseFunctionBody (/Users/bzhang1/Desktop/Ai-chat-Demo/ChatUI/node_modules/@babel/parser/lib/index.js:12090:24)
    at JSXParserMixin.parseFunctionBodyAndFinish (/Users/bzhang1/Desktop/Ai-chat-Demo/ChatUI/node_modules/@babel/parser/lib/index.js:12076:10)
    at /Users/bzhang1/Desktop/Ai-chat-Demo/ChatUI/node_modules/@babel/parser/lib/index.js:13435:12
    at JSXParserMixin.withSmartMixTopicForbiddingContext (/Users/bzhang1/Desktop/Ai-chat-Demo/ChatUI/node_modules/@babel/parser/lib/index.js:12393:14)
    at JSXParserMixin.parseFunction (/Users/bzhang1/Desktop/Ai-chat-Demo/ChatUI/node_modules/@babel/parser/lib/index.js:13434:10)
    at JSXParserMixin.parseFunctionStatement (/Users/bzhang1/Desktop/Ai-chat-Demo/ChatUI/node_modules/@babel/parser/lib/index.js:13115:17)
    at JSXParserMixin.parseStatementContent (/Users/bzhang1/Desktop/Ai-chat-Demo/ChatUI/node_modules/@babel/parser/lib/index.js:12781:21)
    at JSXParserMixin.parseStatementLike (/Users/bzhang1/Desktop/Ai-chat-Demo/ChatUI/node_modules/@babel/parser/lib/index.js:12757:17)
    at JSXParserMixin.parseModuleItem (/Users/bzhang1/Desktop/Ai-chat-Demo/ChatUI/node_modules/@babel/parser/lib/index.js:12734:17)
    at JSXParserMixin.parseBlockOrModuleBlockBody (/Users/bzhang1/Desktop/Ai-chat-Demo/ChatUI/node_modules/@babel/parser/lib/index.js:13306:36)
    at JSXParserMixin.parseBlockBody (/Users/bzhang1/Desktop/Ai-chat-Demo/ChatUI/node_modules/@babel/parser/lib/index.js:13299:10)
    at JSXParserMixin.parseProgram (/Users/bzhang1/Desktop/Ai-chat-Demo/ChatUI/node_modules/@babel/parser/lib/index.js:12612:10)
 @ ./src/App.js 12:0-60 51:46-55
 @ ./src/index.js 3:0-24 6:102-105

webpack 5.104.1 compiled with 1 error in 75 ms
assets by status 4.87 MiB [cached] 3 assets
cached modules 3.75 MiB (javascript) 28.2 KiB (runtime) [cached] 1005 modules
./src/pages/MerchantDashboard/Inventory.js 39 bytes [built] [1 error]

ERROR in ./src/pages/MerchantDashboard/Inventory.js
Module build failed (from ./node_modules/babel-loader/lib/index.js):
SyntaxError: /Users/bzhang1/Desktop/Ai-chat-Demo/ChatUI/src/pages/MerchantDashboard/Inventory.js: Expected corresponding JSX closing tag for <div>. (166:6)

  164 |           } : {}}
  165 |         />
> 166 |       </Popup>
      |       ^
  167 |     </div>
  168 |   );
  169 | }
    at constructor (/Users/bzhang1/Desktop/Ai-chat-Demo/ChatUI/node_modules/@babel/parser/lib/index.js:365:19)
    at JSXParserMixin.raise (/Users/bzhang1/Desktop/Ai-chat-Demo/ChatUI/node_modules/@babel/parser/lib/index.js:6599:19)
    at JSXParserMixin.jsxParseElementAt (/Users/bzhang1/Desktop/Ai-chat-Demo/ChatUI/node_modules/@babel/parser/lib/index.js:4727:16)
    at JSXParserMixin.jsxParseElementAt (/Users/bzhang1/Desktop/Ai-chat-Demo/ChatUI/node_modules/@babel/parser/lib/index.js:4698:32)
    at JSXParserMixin.jsxParseElement (/Users/bzhang1/Desktop/Ai-chat-Demo/ChatUI/node_modules/@babel/parser/lib/index.js:4749:17)
    at JSXParserMixin.parseExprAtom (/Users/bzhang1/Desktop/Ai-chat-Demo/ChatUI/node_modules/@babel/parser/lib/index.js:4759:19)
    at JSXParserMixin.parseExprSubscripts (/Users/bzhang1/Desktop/Ai-chat-Demo/ChatUI/node_modules/@babel/parser/lib/index.js:11071:23)
    at JSXParserMixin.parseUpdate (/Users/bzhang1/Desktop/Ai-chat-Demo/ChatUI/node_modules/@babel/parser/lib/index.js:11056:21)
    at JSXParserMixin.parseMaybeUnary (/Users/bzhang1/Desktop/Ai-chat-Demo/ChatUI/node_modules/@babel/parser/lib/index.js:11036:23)
    at JSXParserMixin.parseMaybeUnaryOrPrivate (/Users/bzhang1/Desktop/Ai-chat-Demo/ChatUI/node_modules/@babel/parser/lib/index.js:10889:61)
    at JSXParserMixin.parseExprOps (/Users/bzhang1/Desktop/Ai-chat-Demo/ChatUI/node_modules/@babel/parser/lib/index.js:10894:23)
    at JSXParserMixin.parseMaybeConditional (/Users/bzhang1/Desktop/Ai-chat-Demo/ChatUI/node_modules/@babel/parser/lib/index.js:10871:23)
    at JSXParserMixin.parseMaybeAssign (/Users/bzhang1/Desktop/Ai-chat-Demo/ChatUI/node_modules/@babel/parser/lib/index.js:10821:21)
    at /Users/bzhang1/Desktop/Ai-chat-Demo/ChatUI/node_modules/@babel/parser/lib/index.js:10790:39
    at JSXParserMixin.allowInAnd (/Users/bzhang1/Desktop/Ai-chat-Demo/ChatUI/node_modules/@babel/parser/lib/index.js:12416:12)
    at JSXParserMixin.parseMaybeAssignAllowIn (/Users/bzhang1/Desktop/Ai-chat-Demo/ChatUI/node_modules/@babel/parser/lib/index.js:10790:17)
    at JSXParserMixin.parseMaybeAssignAllowInOrVoidPattern (/Users/bzhang1/Desktop/Ai-chat-Demo/ChatUI/node_modules/@babel/parser/lib/index.js:12483:17)
    at JSXParserMixin.parseParenAndDistinguishExpression (/Users/bzhang1/Desktop/Ai-chat-Demo/ChatUI/node_modules/@babel/parser/lib/index.js:11665:28)
    at JSXParserMixin.parseExprAtom (/Users/bzhang1/Desktop/Ai-chat-Demo/ChatUI/node_modules/@babel/parser/lib/index.js:11321:23)
    at JSXParserMixin.parseExprAtom (/Users/bzhang1/Desktop/Ai-chat-Demo/ChatUI/node_modules/@babel/parser/lib/index.js:4764:20)
    at JSXParserMixin.parseExprSubscripts (/Users/bzhang1/Desktop/Ai-chat-Demo/ChatUI/node_modules/@babel/parser/lib/index.js:11071:23)
    at JSXParserMixin.parseUpdate (/Users/bzhang1/Desktop/Ai-chat-Demo/ChatUI/node_modules/@babel/parser/lib/index.js:11056:21)
    at JSXParserMixin.parseMaybeUnary (/Users/bzhang1/Desktop/Ai-chat-Demo/ChatUI/node_modules/@babel/parser/lib/index.js:11036:23)
    at JSXParserMixin.parseMaybeUnaryOrPrivate (/Users/bzhang1/Desktop/Ai-chat-Demo/ChatUI/node_modules/@babel/parser/lib/index.js:10889:61)
    at JSXParserMixin.parseExprOps (/Users/bzhang1/Desktop/Ai-chat-Demo/ChatUI/node_modules/@babel/parser/lib/index.js:10894:23)
    at JSXParserMixin.parseMaybeConditional (/Users/bzhang1/Desktop/Ai-chat-Demo/ChatUI/node_modules/@babel/parser/lib/index.js:10871:23)
    at JSXParserMixin.parseMaybeAssign (/Users/bzhang1/Desktop/Ai-chat-Demo/ChatUI/node_modules/@babel/parser/lib/index.js:10821:21)
    at JSXParserMixin.parseExpressionBase (/Users/bzhang1/Desktop/Ai-chat-Demo/ChatUI/node_modules/@babel/parser/lib/index.js:10774:23)
    at /Users/bzhang1/Desktop/Ai-chat-Demo/ChatUI/node_modules/@babel/parser/lib/index.js:10770:39
    at JSXParserMixin.allowInAnd (/Users/bzhang1/Desktop/Ai-chat-Demo/ChatUI/node_modules/@babel/parser/lib/index.js:12411:16)
    at JSXParserMixin.parseExpression (/Users/bzhang1/Desktop/Ai-chat-Demo/ChatUI/node_modules/@babel/parser/lib/index.js:10770:17)
    at JSXParserMixin.parseReturnStatement (/Users/bzhang1/Desktop/Ai-chat-Demo/ChatUI/node_modules/@babel/parser/lib/index.js:13132:28)
    at JSXParserMixin.parseStatementContent (/Users/bzhang1/Desktop/Ai-chat-Demo/ChatUI/node_modules/@babel/parser/lib/index.js:12788:21)
    at JSXParserMixin.parseStatementLike (/Users/bzhang1/Desktop/Ai-chat-Demo/ChatUI/node_modules/@babel/parser/lib/index.js:12757:17)
    at JSXParserMixin.parseStatementListItem (/Users/bzhang1/Desktop/Ai-chat-Demo/ChatUI/node_modules/@babel/parser/lib/index.js:12737:17)
    at JSXParserMixin.parseBlockOrModuleBlockBody (/Users/bzhang1/Desktop/Ai-chat-Demo/ChatUI/node_modules/@babel/parser/lib/index.js:13306:61)
    at JSXParserMixin.parseBlockBody (/Users/bzhang1/Desktop/Ai-chat-Demo/ChatUI/node_modules/@babel/parser/lib/index.js:13299:10)
    at JSXParserMixin.parseBlock (/Users/bzhang1/Desktop/Ai-chat-Demo/ChatUI/node_modules/@babel/parser/lib/index.js:13287:10)
    at JSXParserMixin.parseFunctionBody (/Users/bzhang1/Desktop/Ai-chat-Demo/ChatUI/node_modules/@babel/parser/lib/index.js:12090:24)
    at JSXParserMixin.parseFunctionBodyAndFinish (/Users/bzhang1/Desktop/Ai-chat-Demo/ChatUI/node_modules/@babel/parser/lib/index.js:12076:10)
    at /Users/bzhang1/Desktop/Ai-chat-Demo/ChatUI/node_modules/@babel/parser/lib/index.js:13435:12
    at JSXParserMixin.withSmartMixTopicForbiddingContext (/Users/bzhang1/Desktop/Ai-chat-Demo/ChatUI/node_modules/@babel/parser/lib/index.js:12393:14)
    at JSXParserMixin.parseFunction (/Users/bzhang1/Desktop/Ai-chat-Demo/ChatUI/node_modules/@babel/parser/lib/index.js:13434:10)
    at JSXParserMixin.parseFunctionStatement (/Users/bzhang1/Desktop/Ai-chat-Demo/ChatUI/node_modules/@babel/parser/lib/index.js:13115:17)
    at JSXParserMixin.parseStatementContent (/Users/bzhang1/Desktop/Ai-chat-Demo/ChatUI/node_modules/@babel/parser/lib/index.js:12781:21)
    at JSXParserMixin.parseStatementLike (/Users/bzhang1/Desktop/Ai-chat-Demo/ChatUI/node_modules/@babel/parser/lib/index.js:12757:17)
    at JSXParserMixin.parseModuleItem (/Users/bzhang1/Desktop/Ai-chat-Demo/ChatUI/node_modules/@babel/parser/lib/index.js:12734:17)
    at JSXParserMixin.parseBlockOrModuleBlockBody (/Users/bzhang1/Desktop/Ai-chat-Demo/ChatUI/node_modules/@babel/parser/lib/index.js:13306:36)
    at JSXParserMixin.parseBlockBody (/Users/bzhang1/Desktop/Ai-chat-Demo/ChatUI/node_modules/@babel/parser/lib/index.js:13299:10)
    at JSXParserMixin.parseProgram (/Users/bzhang1/Desktop/Ai-chat-Demo/ChatUI/node_modules/@babel/parser/lib/index.js:12612:10)
 @ ./src/App.js 12:0-60 51:46-55
 @ ./src/index.js 3:0-24 6:102-105

webpack 5.104.1 compiled with 1 error in 43 ms
assets by status 1.09 KiB [cached] 1 asset
assets by info 4.91 MiB [immutable]
  asset main.3da0162e12772f882ce9.js 4.88 MiB [emitted] [immutable] (name: main)
  asset main.cd33f73bc77abeb084b9.hot-update.js 28.4 KiB [emitted] [immutable] [hmr] (name: main)
  asset main.cd33f73bc77abeb084b9.hot-update.json 28 bytes [emitted] [immutable] [hmr]
asset index.html 770 bytes [emitted]
Entrypoint main 4.91 MiB (1.09 KiB) = main.3da0162e12772f882ce9.js 4.88 MiB main.cd33f73bc77abeb084b9.hot-update.js 28.4 KiB 1 auxiliary asset
cached modules 3.75 MiB [cached] 989 modules
runtime modules 28.2 KiB 15 modules
javascript modules 17.7 KiB
  ./src/App.js 3.41 KiB [code generated]
  ./src/pages/MerchantDashboard/Inventory.js 14.3 KiB [built] [code generated]
webpack 5.104.1 compiled successfully in 116 ms
assets by status 4.88 MiB [cached] 3 assets
cached modules 3.75 MiB (javascript) 28.2 KiB (runtime) [cached] 1005 modules
./src/pages/MerchantDashboard/Inventory.js 14.3 KiB [built]
webpack 5.104.1 compiled successfully in 78 ms
(node:30626) [DEP0060] DeprecationWarning: The `util._extend` API is deprecated. Please use Object.assign() instead.
(Use `node --trace-deprecation ...` to show where the warning was created)
assets by status 1.09 KiB [cached] 1 asset
assets by info 4.9 MiB [immutable]
  asset main.c99f503b76059b2a0b8e.js 4.88 MiB [emitted] [immutable] (name: main)
  asset main.6ecf0c0c47c328d36842.hot-update.js 19.1 KiB [emitted] [immutable] [hmr] (name: main)
  asset main.6ecf0c0c47c328d36842.hot-update.json 28 bytes [emitted] [immutable] [hmr]
asset index.html 770 bytes [emitted]
Entrypoint main 4.9 MiB (1.09 KiB) = main.c99f503b76059b2a0b8e.js 4.88 MiB main.6ecf0c0c47c328d36842.hot-update.js 19.1 KiB 1 auxiliary asset
cached modules 3.75 MiB [cached] 990 modules
runtime modules 28.2 KiB 15 modules
./src/pages/MerchantDashboard/Inventory.js 14.5 KiB [built] [code generated]
webpack 5.104.1 compiled successfully in 79 ms
assets by status 4.88 MiB [cached] 3 assets
cached modules 3.75 MiB (javascript) 28.2 KiB (runtime) [cached] 1005 modules
./src/pages/MerchantDashboard/Inventory.js 14.5 KiB [built]
webpack 5.104.1 compiled successfully in 83 ms
assets by status 1.09 KiB [cached] 1 asset
assets by info 4.89 MiB [immutable]
  asset main.d50b8ee04b7acd4560f7.js 4.88 MiB [emitted] [immutable] (name: main)
  asset main.98e76b06891e435ed3ec.hot-update.js 7.38 KiB [emitted] [immutable] [hmr] (name: main)
  asset main.98e76b06891e435ed3ec.hot-update.json 28 bytes [emitted] [immutable] [hmr]
asset index.html 770 bytes [emitted]
Entrypoint main 4.89 MiB (1.09 KiB) = main.d50b8ee04b7acd4560f7.js 4.88 MiB main.98e76b06891e435ed3ec.hot-update.js 7.38 KiB 1 auxiliary asset
cached modules 3.76 MiB [cached] 990 modules
runtime modules 28.2 KiB 15 modules
./src/components/DishFormPopup.js 3.76 KiB [built] [code generated]
webpack 5.104.1 compiled successfully in 73 ms
assets by status 1.09 KiB [cached] 1 asset
assets by info 4.89 MiB [immutable]
  asset main.7a905018bde50f96ce26.js 4.88 MiB [emitted] [immutable] (name: main)
  asset main.0dbd57ae2255e079516f.hot-update.js 7.92 KiB [emitted] [immutable] [hmr] (name: main)
  asset main.0dbd57ae2255e079516f.hot-update.json 28 bytes [emitted] [immutable] [hmr]
asset index.html 770 bytes [emitted]
Entrypoint main 4.89 MiB (1.09 KiB) = main.7a905018bde50f96ce26.js 4.88 MiB main.0dbd57ae2255e079516f.hot-update.js 7.92 KiB 1 auxiliary asset
cached modules 3.76 MiB [cached] 990 modules
runtime modules 28.2 KiB 15 modules
./src/components/DishFormPopup.js 4.11 KiB [built] [code generated]
webpack 5.104.1 compiled successfully in 49 ms
assets by status 4.88 MiB [cached] 3 assets
cached modules 3.76 MiB (javascript) 28.2 KiB (runtime) [cached] 1005 modules
./src/components/DishFormPopup.js 4.11 KiB [built]
webpack 5.104.1 compiled successfully in 45 ms
assets by status 1.09 KiB [cached] 1 asset
assets by info 4.9 MiB [immutable]
  asset main.a7986c4a3cedf1a33109.js 4.88 MiB [emitted] [immutable] (name: main)
  asset main.325d996b6a24db12438a.hot-update.js 19.2 KiB [emitted] [immutable] [hmr] (name: main)
  asset main.325d996b6a24db12438a.hot-update.json 28 bytes [emitted] [immutable] [hmr]
asset index.html 770 bytes [emitted]
Entrypoint main 4.9 MiB (1.09 KiB) = main.a7986c4a3cedf1a33109.js 4.88 MiB main.325d996b6a24db12438a.hot-update.js 19.2 KiB 1 auxiliary asset
cached modules 3.75 MiB [cached] 990 modules
runtime modules 28.2 KiB 15 modules
./src/pages/MerchantDashboard/Inventory.js 14.6 KiB [built] [code generated]
webpack 5.104.1 compiled successfully in 87 ms
assets by status 1.09 KiB [cached] 1 asset
assets by info 4.9 MiB [immutable]
  asset main.7664dd76d6a04025d328.js 4.88 MiB [emitted] [immutable] (name: main)
  asset main.43e2a38753dbbd060b8d.hot-update.js 20.4 KiB [emitted] [immutable] [hmr] (name: main)
  asset main.43e2a38753dbbd060b8d.hot-update.json 28 bytes [emitted] [immutable] [hmr]
asset index.html 770 bytes [emitted]
Entrypoint main 4.9 MiB (1.09 KiB) = main.7664dd76d6a04025d328.js 4.88 MiB main.43e2a38753dbbd060b8d.hot-update.js 20.4 KiB 1 auxiliary asset
cached modules 3.75 MiB [cached] 990 modules
runtime modules 28.2 KiB 15 modules
./src/pages/MerchantDashboard/Inventory.js 15.6 KiB [built] [code generated]
webpack 5.104.1 compiled successfully in 82 ms
assets by status 1.09 KiB [cached] 1 asset
assets by info 4.91 MiB [immutable]
  asset main.2824d5291117f83cfc07.js 4.88 MiB [emitted] [immutable] (name: main)
  asset main.bf21175f43bd6f85a746.hot-update.js 22.3 KiB [emitted] [immutable] [hmr] (name: main)
  asset main.bf21175f43bd6f85a746.hot-update.json 28 bytes [emitted] [immutable] [hmr]
asset index.html 770 bytes [emitted]
Entrypoint main 4.91 MiB (1.09 KiB) = main.2824d5291117f83cfc07.js 4.88 MiB main.bf21175f43bd6f85a746.hot-update.js 22.3 KiB 1 auxiliary asset
cached modules 3.75 MiB [cached] 990 modules
runtime modules 28.2 KiB 15 modules
./src/pages/MerchantDashboard/Inventory.js 17.2 KiB [built] [code generated]
webpack 5.104.1 compiled successfully in 132 ms
assets by status 4.89 MiB [cached] 3 assets
cached modules 3.75 MiB (javascript) 28.2 KiB (runtime) [cached] 1005 modules
./src/pages/MerchantDashboard/Inventory.js 17.2 KiB [built]
webpack 5.104.1 compiled successfully in 74 ms
assets by status 1.09 KiB [cached] 1 asset
assets by info 4.91 MiB [immutable]
  asset main.d1db251ce0dc5f4ddf77.js 4.88 MiB [emitted] [immutable] (name: main)
  asset main.4f2dab8d8d39af95a39a.hot-update.js 22.7 KiB [emitted] [immutable] [hmr] (name: main)
  asset main.4f2dab8d8d39af95a39a.hot-update.json 28 bytes [emitted] [immutable] [hmr]
asset index.html 770 bytes [emitted]
Entrypoint main 4.91 MiB (1.09 KiB) = main.d1db251ce0dc5f4ddf77.js 4.88 MiB main.4f2dab8d8d39af95a39a.hot-update.js 22.7 KiB 1 auxiliary asset
cached modules 3.75 MiB [cached] 990 modules
runtime modules 28.2 KiB 15 modules
./src/pages/MerchantDashboard/Inventory.js 17.5 KiB [built] [code generated]
webpack 5.104.1 compiled successfully in 120 ms
assets by status 4.89 MiB [cached] 3 assets
cached modules 3.75 MiB (javascript) 28.2 KiB (runtime) [cached] 1005 modules
./src/pages/MerchantDashboard/Inventory.js 17.5 KiB [built]
webpack 5.104.1 compiled successfully in 97 ms
assets by status 1.09 KiB [cached] 1 asset
assets by info 4.91 MiB [immutable]
  asset main.e18fb4d90788e808dce6.js 4.88 MiB [emitted] [immutable] (name: main)
  asset main.fcff9fe7a78c93edc733.hot-update.js 22.8 KiB [emitted] [immutable] [hmr] (name: main)
  asset main.fcff9fe7a78c93edc733.hot-update.json 28 bytes [emitted] [immutable] [hmr]
asset index.html 770 bytes [emitted]
Entrypoint main 4.91 MiB (1.09 KiB) = main.e18fb4d90788e808dce6.js 4.88 MiB main.fcff9fe7a78c93edc733.hot-update.js 22.8 KiB 1 auxiliary asset
cached modules 3.75 MiB [cached] 990 modules
runtime modules 28.2 KiB 15 modules
./src/pages/MerchantDashboard/Inventory.js 17.7 KiB [built] [code generated]
webpack 5.104.1 compiled successfully in 79 ms
assets by status 1.09 KiB [cached] 1 asset
assets by info 4.91 MiB [immutable]
  asset main.64a7b18841403b92b8c3.js 4.88 MiB [emitted] [immutable] (name: main)
  asset main.299f0f56adf0f0ec36da.hot-update.js 22.8 KiB [emitted] [immutable] [hmr] (name: main)
  asset main.299f0f56adf0f0ec36da.hot-update.json 28 bytes [emitted] [immutable] [hmr]
asset index.html 770 bytes [emitted]
Entrypoint main 4.91 MiB (1.09 KiB) = main.64a7b18841403b92b8c3.js 4.88 MiB main.299f0f56adf0f0ec36da.hot-update.js 22.8 KiB 1 auxiliary asset
cached modules 3.75 MiB [cached] 990 modules
runtime modules 28.2 KiB 15 modules
./src/pages/MerchantDashboard/Inventory.js 17.6 KiB [built] [code generated]
webpack 5.104.1 compiled successfully in 84 ms
assets by status 4.89 MiB [cached] 3 assets
cached modules 3.75 MiB (javascript) 28.2 KiB (runtime) [cached] 1005 modules
./src/pages/MerchantDashboard/Inventory.js 17.6 KiB [built]
webpack 5.104.1 compiled successfully in 93 ms
assets by status 1.09 KiB [cached] 1 asset
assets by info 4.91 MiB [immutable]
  asset main.4b120136353da4ba2b36.js 4.88 MiB [emitted] [immutable] (name: main)
  asset main.d5553c50b1c708e8bb72.hot-update.js 22.4 KiB [emitted] [immutable] [hmr] (name: main)
  asset main.d5553c50b1c708e8bb72.hot-update.json 28 bytes [emitted] [immutable] [hmr]
asset index.html 770 bytes [emitted]
Entrypoint main 4.91 MiB (1.09 KiB) = main.4b120136353da4ba2b36.js 4.88 MiB main.d5553c50b1c708e8bb72.hot-update.js 22.4 KiB 1 auxiliary asset
cached modules 3.75 MiB [cached] 990 modules
runtime modules 28.2 KiB 15 modules
./src/pages/MerchantDashboard/Inventory.js 17.4 KiB [built] [code generated]
webpack 5.104.1 compiled successfully in 116 ms
assets by status 1.09 KiB [cached] 1 asset
assets by info 4.9 MiB [immutable]
  asset main.506201c72db054a031fa.js 4.88 MiB [emitted] [immutable] (name: main)
  asset main.9d2335888a5b805ed1c8.hot-update.js 20.5 KiB [emitted] [immutable] [hmr] (name: main)
  asset main.9d2335888a5b805ed1c8.hot-update.json 28 bytes [emitted] [immutable] [hmr]
asset index.html 770 bytes [emitted]
Entrypoint main 4.9 MiB (1.09 KiB) = main.506201c72db054a031fa.js 4.88 MiB main.9d2335888a5b805ed1c8.hot-update.js 20.5 KiB 1 auxiliary asset
cached modules 3.75 MiB [cached] 990 modules
runtime modules 28.2 KiB 15 modules
./src/pages/MerchantDashboard/Inventory.js 15.7 KiB [built] [code generated]
webpack 5.104.1 compiled successfully in 115 ms
